03/07/2020 14:54:45	connect : C:\Program Files\SIEMENS\SIMARIS configuration\3.0 FY19-20\plugins\com.siemens.simaris.configuration.db.custom_1.4.0.v20200529-0713\db\custom.db3
03/07/2020 14:54:45	connect : C:\Program Files\SIEMENS\SIMARIS configuration\3.0 FY19-20\plugins\com.siemens.simaris.configuration.db.language_db_1.4.0.v20200529-0713\db\dictionary_templates.db3
03/07/2020 14:54:45	connect : C:\Program Files\SIEMENS\SIMARIS configuration\3.0 FY19-20\plugins\com.siemens.simaris.configuration.db.reco_devices_1.2.0.v20200529-0713\db\reco_devices.db3
03/07/2020 14:54:45	connect : C:\Program Files\SIEMENS\SIMARIS configuration\3.0 FY19-20\plugins\com.siemens.simaris.configuration.db.regulativ.inhouse_1.4.0.v20200529-0713\db\regulativ.db3
03/07/2020 14:54:45	connect : C:\Program Files\SIEMENS\SIMARIS configuration\3.0 FY19-20\plugins\com.siemens.simaris.configuration.db.rg_1.5.0.v20200529-0713\db\local_devices.db3
03/07/2020 14:54:45	connect : C:\Program Files\SIEMENS\SIMARIS configuration\3.0 FY19-20\plugins\com.siemens.simaris.configuration.db.s8.inhouse_1.4.0.v20200608-1014\db\S8_devices.db3
03/07/2020 14:54:45	connect : C:\Program Files\SIEMENS\SIMARIS configuration\3.0 FY19-20\plugins\com.siemens.simaris.configuration.db.siemens_devices_1.5.0.v20200529-0713\db\siemens_devices.db3
03/07/2020 14:54:45	connect : C:\Program Files\SIEMENS\SIMARIS configuration\3.0 FY19-20\plugins\com.siemens.simaris.configuration.db.siemens_devices2_1.5.0.v20200529-0713\db\siemens_devices2.db3
03/07/2020 14:55:39	DISconnect : C:\Program Files\SIEMENS\SIMARIS configuration\3.0 FY19-20\plugins\com.siemens.simaris.configuration.db.reco_devices_1.2.0.v20200529-0713\db\reco_devices.db3
03/07/2020 14:55:39	DISconnect : C:\Program Files\SIEMENS\SIMARIS configuration\3.0 FY19-20\plugins\com.siemens.simaris.configuration.db.custom_1.4.0.v20200529-0713\db\custom.db3
03/07/2020 14:55:40	DISconnect : C:\Program Files\SIEMENS\SIMARIS configuration\3.0 FY19-20\plugins\com.siemens.simaris.configuration.db.s8.inhouse_1.4.0.v20200608-1014\db\S8_devices.db3
03/07/2020 14:55:40	DISconnect : C:\Program Files\SIEMENS\SIMARIS configuration\3.0 FY19-20\plugins\com.siemens.simaris.configuration.db.siemens_devices2_1.5.0.v20200529-0713\db\siemens_devices2.db3
03/07/2020 14:55:40	DISconnect : C:\Program Files\SIEMENS\SIMARIS configuration\3.0 FY19-20\plugins\com.siemens.simaris.configuration.db.rg_1.5.0.v20200529-0713\db\local_devices.db3
03/07/2020 14:55:40	DISconnect : C:\Program Files\SIEMENS\SIMARIS configuration\3.0 FY19-20\plugins\com.siemens.simaris.configuration.db.siemens_devices_1.5.0.v20200529-0713\db\siemens_devices.db3
03/07/2020 14:55:40	DISconnect : C:\Program Files\SIEMENS\SIMARIS configuration\3.0 FY19-20\plugins\com.siemens.simaris.configuration.db.regulativ.inhouse_1.4.0.v20200529-0713\db\regulativ.db3
03/07/2020 14:55:40	DISconnect : C:\Program Files\SIEMENS\SIMARIS configuration\3.0 FY19-20\plugins\com.siemens.simaris.configuration.db.language_db_1.4.0.v20200529-0713\db\dictionary_templates.db3
03/07/2020 14:55:42	connect : C:\Program Files\SIEMENS\SIMARIS configuration\3.0 FY19-20\plugins\com.siemens.simaris.configuration.db.reco_devices_1.2.0.v20200529-0713\db\reco_devices.db3
03/07/2020 14:55:42	connect : C:\Program Files\SIEMENS\SIMARIS configuration\3.0 FY19-20\plugins\com.siemens.simaris.configuration.db.custom_1.4.0.v20200529-0713\db\custom.db3
03/07/2020 14:55:43	connect : C:\Program Files\SIEMENS\SIMARIS configuration\3.0 FY19-20\plugins\com.siemens.simaris.configuration.db.s8.inhouse_1.4.0.v20200608-1014\db\S8_devices.db3
03/07/2020 14:55:43	connect : C:\Program Files\SIEMENS\SIMARIS configuration\3.0 FY19-20\plugins\com.siemens.simaris.configuration.db.siemens_devices2_1.5.0.v20200529-0713\db\siemens_devices2.db3
03/07/2020 14:55:43	connect : C:\Program Files\SIEMENS\SIMARIS configuration\3.0 FY19-20\plugins\com.siemens.simaris.configuration.db.rg_1.5.0.v20200529-0713\db\local_devices.db3
03/07/2020 14:55:43	connect : C:\Program Files\SIEMENS\SIMARIS configuration\3.0 FY19-20\plugins\com.siemens.simaris.configuration.db.siemens_devices_1.5.0.v20200529-0713\db\siemens_devices.db3
03/07/2020 14:55:43	connect : C:\Program Files\SIEMENS\SIMARIS configuration\3.0 FY19-20\plugins\com.siemens.simaris.configuration.db.regulativ.inhouse_1.4.0.v20200529-0713\db\regulativ.db3
03/07/2020 14:55:43	connect : C:\Program Files\SIEMENS\SIMARIS configuration\3.0 FY19-20\plugins\com.siemens.simaris.configuration.db.language_db_1.4.0.v20200529-0713\db\dictionary_templates.db3
03/07/2020 15:10:47	DISconnect : C:\Program Files\SIEMENS\SIMARIS configuration\3.0 FY19-20\plugins\com.siemens.simaris.configuration.db.custom_1.4.0.v20200529-0713\db\custom.db3
03/07/2020 15:10:47	DISconnect : C:\Program Files\SIEMENS\SIMARIS configuration\3.0 FY19-20\plugins\com.siemens.simaris.configuration.db.language_db_1.4.0.v20200529-0713\db\dictionary_templates.db3
03/07/2020 15:10:48	DISconnect : C:\Program Files\SIEMENS\SIMARIS configuration\3.0 FY19-20\plugins\com.siemens.simaris.configuration.db.reco_devices_1.2.0.v20200529-0713\db\reco_devices.db3
03/07/2020 15:10:48	DISconnect : C:\Program Files\SIEMENS\SIMARIS configuration\3.0 FY19-20\plugins\com.siemens.simaris.configuration.db.regulativ.inhouse_1.4.0.v20200529-0713\db\regulativ.db3
03/07/2020 15:10:48	DISconnect : C:\Program Files\SIEMENS\SIMARIS configuration\3.0 FY19-20\plugins\com.siemens.simaris.configuration.db.rg_1.5.0.v20200529-0713\db\local_devices.db3
03/07/2020 15:10:48	DISconnect : C:\Program Files\SIEMENS\SIMARIS configuration\3.0 FY19-20\plugins\com.siemens.simaris.configuration.db.s8.inhouse_1.4.0.v20200608-1014\db\S8_devices.db3
03/07/2020 15:10:48	DISconnect : C:\Program Files\SIEMENS\SIMARIS configuration\3.0 FY19-20\plugins\com.siemens.simaris.configuration.db.siemens_devices_1.5.0.v20200529-0713\db\siemens_devices.db3
03/07/2020 15:10:49	DISconnect : C:\Program Files\SIEMENS\SIMARIS configuration\3.0 FY19-20\plugins\com.siemens.simaris.configuration.db.siemens_devices2_1.5.0.v20200529-0713\db\siemens_devices2.db3
03/07/2020 15:11:09	connect : C:\Program Files\SIEMENS\SIMARIS configuration\3.0 FY19-20\plugins\com.siemens.simaris.configuration.db.custom_1.4.0.v20200529-0713\db\custom.db3
03/07/2020 15:11:09	connect : C:\Program Files\SIEMENS\SIMARIS configuration\3.0 FY19-20\plugins\com.siemens.simaris.configuration.db.language_db_1.4.0.v20200529-0713\db\dictionary_templates.db3
03/07/2020 15:11:09	connect : C:\Program Files\SIEMENS\SIMARIS configuration\3.0 FY19-20\plugins\com.siemens.simaris.configuration.db.reco_devices_1.2.0.v20200529-0713\db\reco_devices.db3
03/07/2020 15:11:09	connect : C:\Program Files\SIEMENS\SIMARIS configuration\3.0 FY19-20\plugins\com.siemens.simaris.configuration.db.regulativ.inhouse_1.4.0.v20200529-0713\db\regulativ.db3
03/07/2020 15:11:09	connect : C:\Program Files\SIEMENS\SIMARIS configuration\3.0 FY19-20\plugins\com.siemens.simaris.configuration.db.rg_1.5.0.v20200529-0713\db\local_devices.db3
03/07/2020 15:11:09	connect : C:\Program Files\SIEMENS\SIMARIS configuration\3.0 FY19-20\plugins\com.siemens.simaris.configuration.db.s8.inhouse_1.4.0.v20200608-1014\db\S8_devices.db3
03/07/2020 15:11:09	connect : C:\Program Files\SIEMENS\SIMARIS configuration\3.0 FY19-20\plugins\com.siemens.simaris.configuration.db.siemens_devices_1.5.0.v20200529-0713\db\siemens_devices.db3
03/07/2020 15:11:09	connect : C:\Program Files\SIEMENS\SIMARIS configuration\3.0 FY19-20\plugins\com.siemens.simaris.configuration.db.siemens_devices2_1.5.0.v20200529-0713\db\siemens_devices2.db3
03/07/2020 15:11:43	DISconnect : C:\Program Files\SIEMENS\SIMARIS configuration\3.0 FY19-20\plugins\com.siemens.simaris.configuration.db.custom_1.4.0.v20200529-0713\db\custom.db3
03/07/2020 15:11:43	DISconnect : C:\Program Files\SIEMENS\SIMARIS configuration\3.0 FY19-20\plugins\com.siemens.simaris.configuration.db.s8.inhouse_1.4.0.v20200608-1014\db\S8_devices.db3
03/07/2020 15:11:43	DISconnect : C:\Program Files\SIEMENS\SIMARIS configuration\3.0 FY19-20\plugins\com.siemens.simaris.configuration.db.reco_devices_1.2.0.v20200529-0713\db\reco_devices.db3
03/07/2020 15:11:43	DISconnect : C:\Program Files\SIEMENS\SIMARIS configuration\3.0 FY19-20\plugins\com.siemens.simaris.configuration.db.siemens_devices2_1.5.0.v20200529-0713\db\siemens_devices2.db3
03/07/2020 15:11:43	DISconnect : C:\Program Files\SIEMENS\SIMARIS configuration\3.0 FY19-20\plugins\com.siemens.simaris.configuration.db.regulativ.inhouse_1.4.0.v20200529-0713\db\regulativ.db3
03/07/2020 15:11:44	DISconnect : C:\Program Files\SIEMENS\SIMARIS configuration\3.0 FY19-20\plugins\com.siemens.simaris.configuration.db.language_db_1.4.0.v20200529-0713\db\dictionary_templates.db3
03/07/2020 15:11:44	DISconnect : C:\Program Files\SIEMENS\SIMARIS configuration\3.0 FY19-20\plugins\com.siemens.simaris.configuration.db.rg_1.5.0.v20200529-0713\db\local_devices.db3
03/07/2020 15:11:44	DISconnect : C:\Program Files\SIEMENS\SIMARIS configuration\3.0 FY19-20\plugins\com.siemens.simaris.configuration.db.siemens_devices_1.5.0.v20200529-0713\db\siemens_devices.db3
03/07/2020 15:11:46	connect : C:\Program Files\SIEMENS\SIMARIS configuration\3.0 FY19-20\plugins\com.siemens.simaris.configuration.db.custom_1.4.0.v20200529-0713\db\custom.db3
03/07/2020 15:11:46	connect : C:\Program Files\SIEMENS\SIMARIS configuration\3.0 FY19-20\plugins\com.siemens.simaris.configuration.db.s8.inhouse_1.4.0.v20200608-1014\db\S8_devices.db3
03/07/2020 15:11:46	connect : C:\Program Files\SIEMENS\SIMARIS configuration\3.0 FY19-20\plugins\com.siemens.simaris.configuration.db.reco_devices_1.2.0.v20200529-0713\db\reco_devices.db3
03/07/2020 15:11:46	connect : C:\Program Files\SIEMENS\SIMARIS configuration\3.0 FY19-20\plugins\com.siemens.simaris.configuration.db.siemens_devices2_1.5.0.v20200529-0713\db\siemens_devices2.db3
03/07/2020 15:11:46	connect : C:\Program Files\SIEMENS\SIMARIS configuration\3.0 FY19-20\plugins\com.siemens.simaris.configuration.db.regulativ.inhouse_1.4.0.v20200529-0713\db\regulativ.db3
03/07/2020 15:11:46	connect : C:\Program Files\SIEMENS\SIMARIS configuration\3.0 FY19-20\plugins\com.siemens.simaris.configuration.db.language_db_1.4.0.v20200529-0713\db\dictionary_templates.db3
03/07/2020 15:11:46	connect : C:\Program Files\SIEMENS\SIMARIS configuration\3.0 FY19-20\plugins\com.siemens.simaris.configuration.db.rg_1.5.0.v20200529-0713\db\local_devices.db3
03/07/2020 15:11:46	connect : C:\Program Files\SIEMENS\SIMARIS configuration\3.0 FY19-20\plugins\com.siemens.simaris.configuration.db.siemens_devices_1.5.0.v20200529-0713\db\siemens_devices.db3
03/07/2020 15:13:16	DISconnect : C:\Program Files\SIEMENS\SIMARIS configuration\3.0 FY19-20\plugins\com.siemens.simaris.configuration.db.custom_1.4.0.v20200529-0713\db\custom.db3
03/07/2020 15:13:16	DISconnect : C:\Program Files\SIEMENS\SIMARIS configuration\3.0 FY19-20\plugins\com.siemens.simaris.configuration.db.language_db_1.4.0.v20200529-0713\db\dictionary_templates.db3
03/07/2020 15:13:16	DISconnect : C:\Program Files\SIEMENS\SIMARIS configuration\3.0 FY19-20\plugins\com.siemens.simaris.configuration.db.reco_devices_1.2.0.v20200529-0713\db\reco_devices.db3
03/07/2020 15:13:16	DISconnect : C:\Program Files\SIEMENS\SIMARIS configuration\3.0 FY19-20\plugins\com.siemens.simaris.configuration.db.regulativ.inhouse_1.4.0.v20200529-0713\db\regulativ.db3
03/07/2020 15:13:17	DISconnect : C:\Program Files\SIEMENS\SIMARIS configuration\3.0 FY19-20\plugins\com.siemens.simaris.configuration.db.rg_1.5.0.v20200529-0713\db\local_devices.db3
03/07/2020 15:13:17	DISconnect : C:\Program Files\SIEMENS\SIMARIS configuration\3.0 FY19-20\plugins\com.siemens.simaris.configuration.db.s8.inhouse_1.4.0.v20200608-1014\db\S8_devices.db3
03/07/2020 15:13:17	DISconnect : C:\Program Files\SIEMENS\SIMARIS configuration\3.0 FY19-20\plugins\com.siemens.simaris.configuration.db.siemens_devices_1.5.0.v20200529-0713\db\siemens_devices.db3
03/07/2020 15:13:17	DISconnect : C:\Program Files\SIEMENS\SIMARIS configuration\3.0 FY19-20\plugins\com.siemens.simaris.configuration.db.siemens_devices2_1.5.0.v20200529-0713\db\siemens_devices2.db3
03/07/2020 15:13:32	connect : C:\Program Files\SIEMENS\SIMARIS configuration\3.0 FY19-20\data\reg\scf_005\db\custom.db3
03/07/2020 15:13:32	connect : C:\Program Files\SIEMENS\SIMARIS configuration\3.0 FY19-20\plugins\com.siemens.simaris.configuration.db.language_db_1.4.0.v20200529-0713\db\dictionary_templates.db3
03/07/2020 15:13:32	connect : C:\Program Files\SIEMENS\SIMARIS configuration\3.0 FY19-20\data\reg\scf_005\db\reco_devices.db3
03/07/2020 15:13:32	connect : C:\Program Files\SIEMENS\SIMARIS configuration\3.0 FY19-20\data\reg\scf_005\db\regulativ.db3
03/07/2020 15:13:32	connect : C:\Program Files\SIEMENS\SIMARIS configuration\3.0 FY19-20\data\reg\scf_005\db\local_devices.db3
03/07/2020 15:13:32	connect : C:\Program Files\SIEMENS\SIMARIS configuration\3.0 FY19-20\data\reg\scf_005\db\S8_devices.db3
03/07/2020 15:13:32	connect : C:\Program Files\SIEMENS\SIMARIS configuration\3.0 FY19-20\data\reg\scf_005\db\siemens_devices.db3
03/07/2020 15:13:32	connect : C:\Program Files\SIEMENS\SIMARIS configuration\3.0 FY19-20\data\reg\scf_005\db\siemens_devices2.db3
03/07/2020 15:14:06	DISconnect : C:\Program Files\SIEMENS\SIMARIS configuration\3.0 FY19-20\data\reg\scf_005\db\S8_devices.db3
03/07/2020 15:14:06	DISconnect : C:\Program Files\SIEMENS\SIMARIS configuration\3.0 FY19-20\data\reg\scf_005\db\reco_devices.db3
03/07/2020 15:14:06	DISconnect : C:\Program Files\SIEMENS\SIMARIS configuration\3.0 FY19-20\data\reg\scf_005\db\regulativ.db3
03/07/2020 15:14:06	DISconnect : C:\Program Files\SIEMENS\SIMARIS configuration\3.0 FY19-20\data\reg\scf_005\db\custom.db3
03/07/2020 15:14:06	DISconnect : C:\Program Files\SIEMENS\SIMARIS configuration\3.0 FY19-20\data\reg\scf_005\db\local_devices.db3
03/07/2020 15:14:06	DISconnect : C:\Program Files\SIEMENS\SIMARIS configuration\3.0 FY19-20\data\reg\scf_005\db\siemens_devices2.db3
03/07/2020 15:14:07	DISconnect : C:\Program Files\SIEMENS\SIMARIS configuration\3.0 FY19-20\data\reg\scf_005\db\siemens_devices.db3
03/07/2020 15:14:07	DISconnect : C:\Program Files\SIEMENS\SIMARIS configuration\3.0 FY19-20\plugins\com.siemens.simaris.configuration.db.language_db_1.4.0.v20200529-0713\db\dictionary_templates.db3
03/07/2020 15:14:12	connect : C:\Program Files\SIEMENS\SIMARIS configuration\3.0 FY19-20\data\reg\scf_005\db\S8_devices.db3
03/07/2020 15:14:12	connect : C:\Program Files\SIEMENS\SIMARIS configuration\3.0 FY19-20\data\reg\scf_005\db\reco_devices.db3
03/07/2020 15:14:12	connect : C:\Program Files\SIEMENS\SIMARIS configuration\3.0 FY19-20\data\reg\scf_005\db\regulativ.db3
03/07/2020 15:14:12	connect : C:\Program Files\SIEMENS\SIMARIS configuration\3.0 FY19-20\data\reg\scf_005\db\custom.db3
03/07/2020 15:14:12	connect : C:\Program Files\SIEMENS\SIMARIS configuration\3.0 FY19-20\data\reg\scf_005\db\local_devices.db3
03/07/2020 15:14:12	connect : C:\Program Files\SIEMENS\SIMARIS configuration\3.0 FY19-20\data\reg\scf_005\db\siemens_devices2.db3
03/07/2020 15:14:12	connect : C:\Program Files\SIEMENS\SIMARIS configuration\3.0 FY19-20\data\reg\scf_005\db\siemens_devices.db3
03/07/2020 15:14:12	connect : C:\Program Files\SIEMENS\SIMARIS configuration\3.0 FY19-20\plugins\com.siemens.simaris.configuration.db.language_db_1.4.0.v20200529-0713\db\dictionary_templates.db3
03/07/2020 15:31:47	DISconnect : C:\Program Files\SIEMENS\SIMARIS configuration\3.0 FY19-20\data\reg\scf_005\db\custom.db3
03/07/2020 15:31:47	DISconnect : C:\Program Files\SIEMENS\SIMARIS configuration\3.0 FY19-20\plugins\com.siemens.simaris.configuration.db.language_db_1.4.0.v20200529-0713\db\dictionary_templates.db3
03/07/2020 15:31:47	DISconnect : C:\Program Files\SIEMENS\SIMARIS configuration\3.0 FY19-20\data\reg\scf_005\db\reco_devices.db3
03/07/2020 15:31:47	DISconnect : C:\Program Files\SIEMENS\SIMARIS configuration\3.0 FY19-20\data\reg\scf_005\db\regulativ.db3
03/07/2020 15:31:48	DISconnect : C:\Program Files\SIEMENS\SIMARIS configuration\3.0 FY19-20\data\reg\scf_005\db\local_devices.db3
03/07/2020 15:31:48	DISconnect : C:\Program Files\SIEMENS\SIMARIS configuration\3.0 FY19-20\data\reg\scf_005\db\S8_devices.db3
03/07/2020 15:31:48	DISconnect : C:\Program Files\SIEMENS\SIMARIS configuration\3.0 FY19-20\data\reg\scf_005\db\siemens_devices.db3
03/07/2020 15:31:48	DISconnect : C:\Program Files\SIEMENS\SIMARIS configuration\3.0 FY19-20\data\reg\scf_005\db\siemens_devices2.db3
06/07/2020 11:48:16	connect : C:\Program Files\SIEMENS\SIMARIS configuration\3.0 FY19-20\data\reg\scf_005\db\custom.db3
06/07/2020 11:48:16	connect : C:\Program Files\SIEMENS\SIMARIS configuration\3.0 FY19-20\plugins\com.siemens.simaris.configuration.db.language_db_1.4.0.v20200529-0713\db\dictionary_templates.db3
06/07/2020 11:48:16	connect : C:\Program Files\SIEMENS\SIMARIS configuration\3.0 FY19-20\data\reg\scf_005\db\reco_devices.db3
06/07/2020 11:48:16	connect : C:\Program Files\SIEMENS\SIMARIS configuration\3.0 FY19-20\data\reg\scf_005\db\regulativ.db3
06/07/2020 11:48:16	connect : C:\Program Files\SIEMENS\SIMARIS configuration\3.0 FY19-20\data\reg\scf_005\db\local_devices.db3
06/07/2020 11:48:16	connect : C:\Program Files\SIEMENS\SIMARIS configuration\3.0 FY19-20\data\reg\scf_005\db\S8_devices.db3
06/07/2020 11:48:16	connect : C:\Program Files\SIEMENS\SIMARIS configuration\3.0 FY19-20\data\reg\scf_005\db\siemens_devices.db3
06/07/2020 11:48:16	connect : C:\Program Files\SIEMENS\SIMARIS configuration\3.0 FY19-20\data\reg\scf_005\db\siemens_devices2.db3
06/07/2020 16:15:03	DISconnect : C:\Program Files\SIEMENS\SIMARIS configuration\3.0 FY19-20\data\reg\scf_005\db\custom.db3
06/07/2020 16:15:03	DISconnect : C:\Program Files\SIEMENS\SIMARIS configuration\3.0 FY19-20\plugins\com.siemens.simaris.configuration.db.language_db_1.4.0.v20200529-0713\db\dictionary_templates.db3
06/07/2020 16:15:04	DISconnect : C:\Program Files\SIEMENS\SIMARIS configuration\3.0 FY19-20\data\reg\scf_005\db\reco_devices.db3
06/07/2020 16:15:04	DISconnect : C:\Program Files\SIEMENS\SIMARIS configuration\3.0 FY19-20\data\reg\scf_005\db\regulativ.db3
06/07/2020 16:15:04	DISconnect : C:\Program Files\SIEMENS\SIMARIS configuration\3.0 FY19-20\data\reg\scf_005\db\local_devices.db3
06/07/2020 16:15:04	DISconnect : C:\Program Files\SIEMENS\SIMARIS configuration\3.0 FY19-20\data\reg\scf_005\db\S8_devices.db3
06/07/2020 16:15:04	DISconnect : C:\Program Files\SIEMENS\SIMARIS configuration\3.0 FY19-20\data\reg\scf_005\db\siemens_devices.db3
06/07/2020 16:15:05	DISconnect : C:\Program Files\SIEMENS\SIMARIS configuration\3.0 FY19-20\data\reg\scf_005\db\siemens_devices2.db3
08/07/2020 09:07:03	connect : C:\Program Files\SIEMENS\SIMARIS configuration\3.0 FY19-20\data\reg\scf_005\db\custom.db3
08/07/2020 09:07:03	connect : C:\Program Files\SIEMENS\SIMARIS configuration\3.0 FY19-20\plugins\com.siemens.simaris.configuration.db.language_db_1.4.0.v20200529-0713\db\dictionary_templates.db3
08/07/2020 09:07:03	connect : C:\Program Files\SIEMENS\SIMARIS configuration\3.0 FY19-20\data\reg\scf_005\db\reco_devices.db3
08/07/2020 09:07:03	connect : C:\Program Files\SIEMENS\SIMARIS configuration\3.0 FY19-20\data\reg\scf_005\db\regulativ.db3
08/07/2020 09:07:03	connect : C:\Program Files\SIEMENS\SIMARIS configuration\3.0 FY19-20\data\reg\scf_005\db\local_devices.db3
08/07/2020 09:07:03	connect : C:\Program Files\SIEMENS\SIMARIS configuration\3.0 FY19-20\data\reg\scf_005\db\S8_devices.db3
08/07/2020 09:07:03	connect : C:\Program Files\SIEMENS\SIMARIS configuration\3.0 FY19-20\data\reg\scf_005\db\siemens_devices.db3
08/07/2020 09:07:03	connect : C:\Program Files\SIEMENS\SIMARIS configuration\3.0 FY19-20\data\reg\scf_005\db\siemens_devices2.db3
08/07/2020 09:08:41	DISconnect : C:\Program Files\SIEMENS\SIMARIS configuration\3.0 FY19-20\plugins\com.siemens.simaris.configuration.db.language_db_1.4.0.v20200529-0713\db\dictionary_templates.db3
08/07/2020 09:08:42	DISconnect : C:\Program Files\SIEMENS\SIMARIS configuration\3.0 FY19-20\data\reg\scf_005\db\custom.db3
08/07/2020 09:08:42	DISconnect : C:\Program Files\SIEMENS\SIMARIS configuration\3.0 FY19-20\data\reg\scf_005\db\siemens_devices.db3
08/07/2020 09:08:42	DISconnect : C:\Program Files\SIEMENS\SIMARIS configuration\3.0 FY19-20\data\reg\scf_005\db\S8_devices.db3
08/07/2020 09:08:42	DISconnect : C:\Program Files\SIEMENS\SIMARIS configuration\3.0 FY19-20\data\reg\scf_005\db\local_devices.db3
08/07/2020 09:08:42	DISconnect : C:\Program Files\SIEMENS\SIMARIS configuration\3.0 FY19-20\data\reg\scf_005\db\reco_devices.db3
08/07/2020 09:08:42	DISconnect : C:\Program Files\SIEMENS\SIMARIS configuration\3.0 FY19-20\data\reg\scf_005\db\siemens_devices2.db3
08/07/2020 09:08:43	DISconnect : C:\Program Files\SIEMENS\SIMARIS configuration\3.0 FY19-20\data\reg\scf_005\db\regulativ.db3
08/07/2020 09:12:21	connect : C:\Program Files\SIEMENS\SIMARIS configuration\3.0 FY19-20\plugins\com.siemens.simaris.configuration.db.language_db_1.4.0.v20200529-0713\db\dictionary_templates.db3
08/07/2020 09:12:21	connect : C:\Program Files\SIEMENS\SIMARIS configuration\3.0 FY19-20\data\reg\scf_005\db\custom.db3
08/07/2020 09:12:21	connect : C:\Program Files\SIEMENS\SIMARIS configuration\3.0 FY19-20\data\reg\scf_005\db\siemens_devices.db3
08/07/2020 09:12:21	connect : C:\Program Files\SIEMENS\SIMARIS configuration\3.0 FY19-20\data\reg\scf_005\db\S8_devices.db3
08/07/2020 09:12:21	connect : C:\Program Files\SIEMENS\SIMARIS configuration\3.0 FY19-20\data\reg\scf_005\db\local_devices.db3
08/07/2020 09:12:21	connect : C:\Program Files\SIEMENS\SIMARIS configuration\3.0 FY19-20\data\reg\scf_005\db\reco_devices.db3
08/07/2020 09:12:21	connect : C:\Program Files\SIEMENS\SIMARIS configuration\3.0 FY19-20\data\reg\scf_005\db\siemens_devices2.db3
08/07/2020 09:12:21	connect : C:\Program Files\SIEMENS\SIMARIS configuration\3.0 FY19-20\data\reg\scf_005\db\regulativ.db3
08/07/2020 10:29:05	connect : C:\Program Files\SIEMENS\SIMARIS configuration\3.0 FY19-20\data\reg\scf_005\db\custom.db3
08/07/2020 10:29:05	connect : C:\Program Files\SIEMENS\SIMARIS configuration\3.0 FY19-20\plugins\com.siemens.simaris.configuration.db.language_db_1.4.0.v20200529-0713\db\dictionary_templates.db3
08/07/2020 10:29:05	connect : C:\Program Files\SIEMENS\SIMARIS configuration\3.0 FY19-20\data\reg\scf_005\db\reco_devices.db3
08/07/2020 10:29:05	connect : C:\Program Files\SIEMENS\SIMARIS configuration\3.0 FY19-20\data\reg\scf_005\db\regulativ.db3
08/07/2020 10:29:05	connect : C:\Program Files\SIEMENS\SIMARIS configuration\3.0 FY19-20\data\reg\scf_005\db\local_devices.db3
08/07/2020 10:29:05	connect : C:\Program Files\SIEMENS\SIMARIS configuration\3.0 FY19-20\data\reg\scf_005\db\S8_devices.db3
08/07/2020 10:29:05	connect : C:\Program Files\SIEMENS\SIMARIS configuration\3.0 FY19-20\data\reg\scf_005\db\siemens_devices.db3
08/07/2020 10:29:05	connect : C:\Program Files\SIEMENS\SIMARIS configuration\3.0 FY19-20\data\reg\scf_005\db\siemens_devices2.db3
08/07/2020 11:27:35	connect : C:\Program Files\SIEMENS\SIMARIS configuration\3.0 FY19-20\data\reg\scf_005\db\custom.db3
08/07/2020 11:27:36	connect : C:\Program Files\SIEMENS\SIMARIS configuration\3.0 FY19-20\plugins\com.siemens.simaris.configuration.db.language_db_1.4.0.v20200529-0713\db\dictionary_templates.db3
08/07/2020 11:27:36	connect : C:\Program Files\SIEMENS\SIMARIS configuration\3.0 FY19-20\data\reg\scf_005\db\reco_devices.db3
08/07/2020 11:27:36	connect : C:\Program Files\SIEMENS\SIMARIS configuration\3.0 FY19-20\data\reg\scf_005\db\regulativ.db3
08/07/2020 11:27:36	connect : C:\Program Files\SIEMENS\SIMARIS configuration\3.0 FY19-20\data\reg\scf_005\db\local_devices.db3
08/07/2020 11:27:36	connect : C:\Program Files\SIEMENS\SIMARIS configuration\3.0 FY19-20\data\reg\scf_005\db\S8_devices.db3
08/07/2020 11:27:36	connect : C:\Program Files\SIEMENS\SIMARIS configuration\3.0 FY19-20\data\reg\scf_005\db\siemens_devices.db3
08/07/2020 11:27:36	connect : C:\Program Files\SIEMENS\SIMARIS configuration\3.0 FY19-20\data\reg\scf_005\db\siemens_devices2.db3
08/07/2020 11:28:16	DISconnect : C:\Program Files\SIEMENS\SIMARIS configuration\3.0 FY19-20\data\reg\scf_005\db\reco_devices.db3
08/07/2020 11:28:16	DISconnect : C:\Program Files\SIEMENS\SIMARIS configuration\3.0 FY19-20\plugins\com.siemens.simaris.configuration.db.language_db_1.4.0.v20200529-0713\db\dictionary_templates.db3
08/07/2020 11:28:16	DISconnect : C:\Program Files\SIEMENS\SIMARIS configuration\3.0 FY19-20\data\reg\scf_005\db\siemens_devices.db3
08/07/2020 11:28:16	DISconnect : C:\Program Files\SIEMENS\SIMARIS configuration\3.0 FY19-20\data\reg\scf_005\db\custom.db3
08/07/2020 11:28:17	DISconnect : C:\Program Files\SIEMENS\SIMARIS configuration\3.0 FY19-20\data\reg\scf_005\db\siemens_devices2.db3
08/07/2020 11:28:17	DISconnect : C:\Program Files\SIEMENS\SIMARIS configuration\3.0 FY19-20\data\reg\scf_005\db\S8_devices.db3
08/07/2020 11:28:17	DISconnect : C:\Program Files\SIEMENS\SIMARIS configuration\3.0 FY19-20\data\reg\scf_005\db\local_devices.db3
08/07/2020 11:28:17	DISconnect : C:\Program Files\SIEMENS\SIMARIS configuration\3.0 FY19-20\data\reg\scf_005\db\regulativ.db3
08/07/2020 11:34:30	connect : C:\Program Files\SIEMENS\SIMARIS configuration\3.0 FY19-20\data\reg\scf_005\db\reco_devices.db3
08/07/2020 11:34:30	connect : C:\Program Files\SIEMENS\SIMARIS configuration\3.0 FY19-20\plugins\com.siemens.simaris.configuration.db.language_db_1.4.0.v20200529-0713\db\dictionary_templates.db3
08/07/2020 11:34:30	connect : C:\Program Files\SIEMENS\SIMARIS configuration\3.0 FY19-20\data\reg\scf_005\db\siemens_devices.db3
08/07/2020 11:34:30	connect : C:\Program Files\SIEMENS\SIMARIS configuration\3.0 FY19-20\data\reg\scf_005\db\custom.db3
08/07/2020 11:34:30	connect : C:\Program Files\SIEMENS\SIMARIS configuration\3.0 FY19-20\data\reg\scf_005\db\siemens_devices2.db3
08/07/2020 11:34:30	connect : C:\Program Files\SIEMENS\SIMARIS configuration\3.0 FY19-20\data\reg\scf_005\db\S8_devices.db3
08/07/2020 11:34:30	connect : C:\Program Files\SIEMENS\SIMARIS configuration\3.0 FY19-20\data\reg\scf_005\db\local_devices.db3
08/07/2020 11:34:30	connect : C:\Program Files\SIEMENS\SIMARIS configuration\3.0 FY19-20\data\reg\scf_005\db\regulativ.db3
08/07/2020 11:51:45	DISconnect : C:\Program Files\SIEMENS\SIMARIS configuration\3.0 FY19-20\data\reg\scf_005\db\custom.db3
08/07/2020 11:51:45	DISconnect : C:\Program Files\SIEMENS\SIMARIS configuration\3.0 FY19-20\plugins\com.siemens.simaris.configuration.db.language_db_1.4.0.v20200529-0713\db\dictionary_templates.db3
08/07/2020 11:51:45	DISconnect : C:\Program Files\SIEMENS\SIMARIS configuration\3.0 FY19-20\data\reg\scf_005\db\reco_devices.db3
08/07/2020 11:51:46	DISconnect : C:\Program Files\SIEMENS\SIMARIS configuration\3.0 FY19-20\data\reg\scf_005\db\regulativ.db3
08/07/2020 11:51:46	DISconnect : C:\Program Files\SIEMENS\SIMARIS configuration\3.0 FY19-20\data\reg\scf_005\db\local_devices.db3
08/07/2020 11:51:46	DISconnect : C:\Program Files\SIEMENS\SIMARIS configuration\3.0 FY19-20\data\reg\scf_005\db\S8_devices.db3
08/07/2020 11:51:46	DISconnect : C:\Program Files\SIEMENS\SIMARIS configuration\3.0 FY19-20\data\reg\scf_005\db\siemens_devices.db3
08/07/2020 11:51:46	DISconnect : C:\Program Files\SIEMENS\SIMARIS configuration\3.0 FY19-20\data\reg\scf_005\db\siemens_devices2.db3
08/07/2020 15:56:48	connect : C:\Program Files\SIEMENS\SIMARIS configuration\3.0 FY19-20\data\reg\scf_005\db\custom.db3
08/07/2020 15:56:48	connect : C:\Program Files\SIEMENS\SIMARIS configuration\3.0 FY19-20\plugins\com.siemens.simaris.configuration.db.language_db_1.4.0.v20200529-0713\db\dictionary_templates.db3
08/07/2020 15:56:48	connect : C:\Program Files\SIEMENS\SIMARIS configuration\3.0 FY19-20\data\reg\scf_005\db\reco_devices.db3
08/07/2020 15:56:48	connect : C:\Program Files\SIEMENS\SIMARIS configuration\3.0 FY19-20\data\reg\scf_005\db\regulativ.db3
08/07/2020 15:56:48	connect : C:\Program Files\SIEMENS\SIMARIS configuration\3.0 FY19-20\data\reg\scf_005\db\local_devices.db3
08/07/2020 15:56:48	connect : C:\Program Files\SIEMENS\SIMARIS configuration\3.0 FY19-20\data\reg\scf_005\db\S8_devices.db3
08/07/2020 15:56:48	connect : C:\Program Files\SIEMENS\SIMARIS configuration\3.0 FY19-20\data\reg\scf_005\db\siemens_devices.db3
08/07/2020 15:56:48	connect : C:\Program Files\SIEMENS\SIMARIS configuration\3.0 FY19-20\data\reg\scf_005\db\siemens_devices2.db3
08/07/2020 15:57:23	DISconnect : C:\Program Files\SIEMENS\SIMARIS configuration\3.0 FY19-20\data\reg\scf_005\db\S8_devices.db3
08/07/2020 15:57:23	DISconnect : C:\Program Files\SIEMENS\SIMARIS configuration\3.0 FY19-20\data\reg\scf_005\db\siemens_devices.db3
08/07/2020 15:57:23	DISconnect : C:\Program Files\SIEMENS\SIMARIS configuration\3.0 FY19-20\plugins\com.siemens.simaris.configuration.db.language_db_1.4.0.v20200529-0713\db\dictionary_templates.db3
08/07/2020 15:57:24	DISconnect : C:\Program Files\SIEMENS\SIMARIS configuration\3.0 FY19-20\data\reg\scf_005\db\custom.db3
08/07/2020 15:57:24	DISconnect : C:\Program Files\SIEMENS\SIMARIS configuration\3.0 FY19-20\data\reg\scf_005\db\reco_devices.db3
08/07/2020 15:57:24	DISconnect : C:\Program Files\SIEMENS\SIMARIS configuration\3.0 FY19-20\data\reg\scf_005\db\local_devices.db3
08/07/2020 15:57:24	DISconnect : C:\Program Files\SIEMENS\SIMARIS configuration\3.0 FY19-20\data\reg\scf_005\db\siemens_devices2.db3
08/07/2020 15:57:24	DISconnect : C:\Program Files\SIEMENS\SIMARIS configuration\3.0 FY19-20\data\reg\scf_005\db\regulativ.db3
08/07/2020 15:57:29	connect : C:\Program Files\SIEMENS\SIMARIS configuration\3.0 FY19-20\data\reg\scf_005\db\S8_devices.db3
08/07/2020 15:57:29	connect : C:\Program Files\SIEMENS\SIMARIS configuration\3.0 FY19-20\data\reg\scf_005\db\siemens_devices.db3
08/07/2020 15:57:29	connect : C:\Program Files\SIEMENS\SIMARIS configuration\3.0 FY19-20\plugins\com.siemens.simaris.configuration.db.language_db_1.4.0.v20200529-0713\db\dictionary_templates.db3
08/07/2020 15:57:29	connect : C:\Program Files\SIEMENS\SIMARIS configuration\3.0 FY19-20\data\reg\scf_005\db\custom.db3
08/07/2020 15:57:29	connect : C:\Program Files\SIEMENS\SIMARIS configuration\3.0 FY19-20\data\reg\scf_005\db\reco_devices.db3
08/07/2020 15:57:29	connect : C:\Program Files\SIEMENS\SIMARIS configuration\3.0 FY19-20\data\reg\scf_005\db\local_devices.db3
08/07/2020 15:57:29	connect : C:\Program Files\SIEMENS\SIMARIS configuration\3.0 FY19-20\data\reg\scf_005\db\siemens_devices2.db3
08/07/2020 15:57:29	connect : C:\Program Files\SIEMENS\SIMARIS configuration\3.0 FY19-20\data\reg\scf_005\db\regulativ.db3
08/07/2020 18:21:18	DISconnect : C:\Program Files\SIEMENS\SIMARIS configuration\3.0 FY19-20\data\reg\scf_005\db\custom.db3
08/07/2020 18:21:18	DISconnect : C:\Program Files\SIEMENS\SIMARIS configuration\3.0 FY19-20\plugins\com.siemens.simaris.configuration.db.language_db_1.4.0.v20200529-0713\db\dictionary_templates.db3
08/07/2020 18:21:18	DISconnect : C:\Program Files\SIEMENS\SIMARIS configuration\3.0 FY19-20\data\reg\scf_005\db\reco_devices.db3
08/07/2020 18:21:18	DISconnect : C:\Program Files\SIEMENS\SIMARIS configuration\3.0 FY19-20\data\reg\scf_005\db\regulativ.db3
08/07/2020 18:21:18	DISconnect : C:\Program Files\SIEMENS\SIMARIS configuration\3.0 FY19-20\data\reg\scf_005\db\local_devices.db3
08/07/2020 18:21:19	DISconnect : C:\Program Files\SIEMENS\SIMARIS configuration\3.0 FY19-20\data\reg\scf_005\db\S8_devices.db3
08/07/2020 18:21:19	DISconnect : C:\Program Files\SIEMENS\SIMARIS configuration\3.0 FY19-20\data\reg\scf_005\db\siemens_devices.db3
08/07/2020 18:21:19	DISconnect : C:\Program Files\SIEMENS\SIMARIS configuration\3.0 FY19-20\data\reg\scf_005\db\siemens_devices2.db3
09/07/2020 13:12:16	connect : C:\Program Files\SIEMENS\SIMARIS configuration\2.3 FY18-19\data\reg\scf_005\db\custom.db3
09/07/2020 13:12:16	connect : C:\Program Files\SIEMENS\SIMARIS configuration\2.3 FY18-19\plugins\com.siemens.simaris.configuration.db.language_db_1.3.2.v20190815-0917\db\dictionary_templates.db3
09/07/2020 13:12:17	connect : C:\Program Files\SIEMENS\SIMARIS configuration\2.3 FY18-19\data\reg\scf_005\db\reco_devices.db3
09/07/2020 13:12:17	connect : C:\Program Files\SIEMENS\SIMARIS configuration\2.3 FY18-19\data\reg\scf_005\db\regulativ.db3
09/07/2020 13:12:17	connect : C:\Program Files\SIEMENS\SIMARIS configuration\2.3 FY18-19\data\reg\scf_005\db\local_devices.db3
09/07/2020 13:12:17	connect : C:\Program Files\SIEMENS\SIMARIS configuration\2.3 FY18-19\data\reg\scf_005\db\S8_devices.db3
09/07/2020 13:12:17	connect : C:\Program Files\SIEMENS\SIMARIS configuration\2.3 FY18-19\data\reg\scf_005\db\siemens_devices.db3
09/07/2020 13:12:18	connect : C:\Program Files\SIEMENS\SIMARIS configuration\2.3 FY18-19\data\reg\scf_005\db\siemens_devices2.db3
09/07/2020 13:13:16	DISconnect : C:\Program Files\SIEMENS\SIMARIS configuration\2.3 FY18-19\data\reg\scf_005\db\custom.db3
09/07/2020 13:13:16	DISconnect : C:\Program Files\SIEMENS\SIMARIS configuration\2.3 FY18-19\data\reg\scf_005\db\S8_devices.db3
09/07/2020 13:13:16	DISconnect : C:\Program Files\SIEMENS\SIMARIS configuration\2.3 FY18-19\plugins\com.siemens.simaris.configuration.db.language_db_1.3.2.v20190815-0917\db\dictionary_templates.db3
09/07/2020 13:13:17	DISconnect : C:\Program Files\SIEMENS\SIMARIS configuration\2.3 FY18-19\data\reg\scf_005\db\siemens_devices2.db3
09/07/2020 13:13:17	DISconnect : C:\Program Files\SIEMENS\SIMARIS configuration\2.3 FY18-19\data\reg\scf_005\db\regulativ.db3
09/07/2020 13:13:17	DISconnect : C:\Program Files\SIEMENS\SIMARIS configuration\2.3 FY18-19\data\reg\scf_005\db\local_devices.db3
09/07/2020 13:13:17	DISconnect : C:\Program Files\SIEMENS\SIMARIS configuration\2.3 FY18-19\data\reg\scf_005\db\siemens_devices.db3
09/07/2020 13:13:17	DISconnect : C:\Program Files\SIEMENS\SIMARIS configuration\2.3 FY18-19\data\reg\scf_005\db\reco_devices.db3
09/07/2020 13:13:32	connect : C:\Program Files\SIEMENS\SIMARIS configuration\2.3 FY18-19\data\reg\scf_005\db\custom.db3
09/07/2020 13:13:32	connect : C:\Program Files\SIEMENS\SIMARIS configuration\2.3 FY18-19\data\reg\scf_005\db\S8_devices.db3
09/07/2020 13:13:32	connect : C:\Program Files\SIEMENS\SIMARIS configuration\2.3 FY18-19\plugins\com.siemens.simaris.configuration.db.language_db_1.3.2.v20190815-0917\db\dictionary_templates.db3
09/07/2020 13:13:32	connect : C:\Program Files\SIEMENS\SIMARIS configuration\2.3 FY18-19\data\reg\scf_005\db\siemens_devices2.db3
09/07/2020 13:13:32	connect : C:\Program Files\SIEMENS\SIMARIS configuration\2.3 FY18-19\data\reg\scf_005\db\regulativ.db3
09/07/2020 13:13:33	connect : C:\Program Files\SIEMENS\SIMARIS configuration\2.3 FY18-19\data\reg\scf_005\db\local_devices.db3
09/07/2020 13:13:33	connect : C:\Program Files\SIEMENS\SIMARIS configuration\2.3 FY18-19\data\reg\scf_005\db\siemens_devices.db3
09/07/2020 13:13:33	connect : C:\Program Files\SIEMENS\SIMARIS configuration\2.3 FY18-19\data\reg\scf_005\db\reco_devices.db3
09/07/2020 14:27:33	DISconnect : C:\Program Files\SIEMENS\SIMARIS configuration\2.3 FY18-19\data\reg\scf_005\db\custom.db3
09/07/2020 14:27:34	DISconnect : C:\Program Files\SIEMENS\SIMARIS configuration\2.3 FY18-19\plugins\com.siemens.simaris.configuration.db.language_db_1.3.2.v20190815-0917\db\dictionary_templates.db3
09/07/2020 14:27:34	DISconnect : C:\Program Files\SIEMENS\SIMARIS configuration\2.3 FY18-19\data\reg\scf_005\db\reco_devices.db3
09/07/2020 14:27:34	DISconnect : C:\Program Files\SIEMENS\SIMARIS configuration\2.3 FY18-19\data\reg\scf_005\db\regulativ.db3
09/07/2020 14:27:34	DISconnect : C:\Program Files\SIEMENS\SIMARIS configuration\2.3 FY18-19\data\reg\scf_005\db\local_devices.db3
09/07/2020 14:27:34	DISconnect : C:\Program Files\SIEMENS\SIMARIS configuration\2.3 FY18-19\data\reg\scf_005\db\S8_devices.db3
09/07/2020 14:27:35	DISconnect : C:\Program Files\SIEMENS\SIMARIS configuration\2.3 FY18-19\data\reg\scf_005\db\siemens_devices.db3
09/07/2020 14:27:35	DISconnect : C:\Program Files\SIEMENS\SIMARIS configuration\2.3 FY18-19\data\reg\scf_005\db\siemens_devices2.db3
09/07/2020 14:28:01	connect : C:\Program Files\SIEMENS\SIMARIS configuration\3.0 FY19-20\data\reg\scf_005\db\custom.db3
09/07/2020 14:28:01	connect : C:\Program Files\SIEMENS\SIMARIS configuration\3.0 FY19-20\plugins\com.siemens.simaris.configuration.db.language_db_1.4.0.v20200529-0713\db\dictionary_templates.db3
09/07/2020 14:28:01	connect : C:\Program Files\SIEMENS\SIMARIS configuration\3.0 FY19-20\data\reg\scf_005\db\reco_devices.db3
09/07/2020 14:28:01	connect : C:\Program Files\SIEMENS\SIMARIS configuration\3.0 FY19-20\data\reg\scf_005\db\regulativ.db3
09/07/2020 14:28:01	connect : C:\Program Files\SIEMENS\SIMARIS configuration\3.0 FY19-20\data\reg\scf_005\db\local_devices.db3
09/07/2020 14:28:01	connect : C:\Program Files\SIEMENS\SIMARIS configuration\3.0 FY19-20\data\reg\scf_005\db\S8_devices.db3
09/07/2020 14:28:01	connect : C:\Program Files\SIEMENS\SIMARIS configuration\3.0 FY19-20\data\reg\scf_005\db\siemens_devices.db3
09/07/2020 14:28:01	connect : C:\Program Files\SIEMENS\SIMARIS configuration\3.0 FY19-20\data\reg\scf_005\db\siemens_devices2.db3
09/07/2020 14:28:45	DISconnect : C:\Program Files\SIEMENS\SIMARIS configuration\3.0 FY19-20\data\reg\scf_005\db\reco_devices.db3
09/07/2020 14:28:45	DISconnect : C:\Program Files\SIEMENS\SIMARIS configuration\3.0 FY19-20\plugins\com.siemens.simaris.configuration.db.language_db_1.4.0.v20200529-0713\db\dictionary_templates.db3
09/07/2020 14:28:45	DISconnect : C:\Program Files\SIEMENS\SIMARIS configuration\3.0 FY19-20\data\reg\scf_005\db\siemens_devices2.db3
09/07/2020 14:28:45	DISconnect : C:\Program Files\SIEMENS\SIMARIS configuration\3.0 FY19-20\data\reg\scf_005\db\regulativ.db3
09/07/2020 14:28:45	DISconnect : C:\Program Files\SIEMENS\SIMARIS configuration\3.0 FY19-20\data\reg\scf_005\db\siemens_devices.db3
09/07/2020 14:28:45	DISconnect : C:\Program Files\SIEMENS\SIMARIS configuration\3.0 FY19-20\data\reg\scf_005\db\local_devices.db3
09/07/2020 14:28:46	DISconnect : C:\Program Files\SIEMENS\SIMARIS configuration\3.0 FY19-20\data\reg\scf_005\db\custom.db3
09/07/2020 14:28:46	DISconnect : C:\Program Files\SIEMENS\SIMARIS configuration\3.0 FY19-20\data\reg\scf_005\db\S8_devices.db3
09/07/2020 14:28:52	connect : C:\Program Files\SIEMENS\SIMARIS configuration\3.0 FY19-20\data\reg\scf_005\db\reco_devices.db3
09/07/2020 14:28:52	connect : C:\Program Files\SIEMENS\SIMARIS configuration\3.0 FY19-20\plugins\com.siemens.simaris.configuration.db.language_db_1.4.0.v20200529-0713\db\dictionary_templates.db3
09/07/2020 14:28:52	connect : C:\Program Files\SIEMENS\SIMARIS configuration\3.0 FY19-20\data\reg\scf_005\db\siemens_devices2.db3
09/07/2020 14:28:52	connect : C:\Program Files\SIEMENS\SIMARIS configuration\3.0 FY19-20\data\reg\scf_005\db\regulativ.db3
09/07/2020 14:28:52	connect : C:\Program Files\SIEMENS\SIMARIS configuration\3.0 FY19-20\data\reg\scf_005\db\siemens_devices.db3
09/07/2020 14:28:52	connect : C:\Program Files\SIEMENS\SIMARIS configuration\3.0 FY19-20\data\reg\scf_005\db\local_devices.db3
09/07/2020 14:28:52	connect : C:\Program Files\SIEMENS\SIMARIS configuration\3.0 FY19-20\data\reg\scf_005\db\custom.db3
09/07/2020 14:28:52	connect : C:\Program Files\SIEMENS\SIMARIS configuration\3.0 FY19-20\data\reg\scf_005\db\S8_devices.db3
09/07/2020 17:48:13	DISconnect : C:\Program Files\SIEMENS\SIMARIS configuration\3.0 FY19-20\data\reg\scf_005\db\custom.db3
09/07/2020 17:48:13	DISconnect : C:\Program Files\SIEMENS\SIMARIS configuration\3.0 FY19-20\plugins\com.siemens.simaris.configuration.db.language_db_1.4.0.v20200529-0713\db\dictionary_templates.db3
09/07/2020 17:48:14	DISconnect : C:\Program Files\SIEMENS\SIMARIS configuration\3.0 FY19-20\data\reg\scf_005\db\reco_devices.db3
09/07/2020 17:48:14	DISconnect : C:\Program Files\SIEMENS\SIMARIS configuration\3.0 FY19-20\data\reg\scf_005\db\regulativ.db3
09/07/2020 17:48:14	DISconnect : C:\Program Files\SIEMENS\SIMARIS configuration\3.0 FY19-20\data\reg\scf_005\db\local_devices.db3
09/07/2020 17:48:14	DISconnect : C:\Program Files\SIEMENS\SIMARIS configuration\3.0 FY19-20\data\reg\scf_005\db\S8_devices.db3
09/07/2020 17:48:14	DISconnect : C:\Program Files\SIEMENS\SIMARIS configuration\3.0 FY19-20\data\reg\scf_005\db\siemens_devices.db3
09/07/2020 17:48:15	DISconnect : C:\Program Files\SIEMENS\SIMARIS configuration\3.0 FY19-20\data\reg\scf_005\db\siemens_devices2.db3
10/07/2020 14:58:55	connect : C:\Program Files\SIEMENS\SIMARIS configuration\3.0 FY19-20\data\reg\scf_005\db\custom.db3
10/07/2020 14:58:55	connect : C:\Program Files\SIEMENS\SIMARIS configuration\3.0 FY19-20\plugins\com.siemens.simaris.configuration.db.language_db_1.4.0.v20200529-0713\db\dictionary_templates.db3
10/07/2020 14:58:55	connect : C:\Program Files\SIEMENS\SIMARIS configuration\3.0 FY19-20\data\reg\scf_005\db\reco_devices.db3
10/07/2020 14:58:55	connect : C:\Program Files\SIEMENS\SIMARIS configuration\3.0 FY19-20\data\reg\scf_005\db\regulativ.db3
10/07/2020 14:58:55	connect : C:\Program Files\SIEMENS\SIMARIS configuration\3.0 FY19-20\data\reg\scf_005\db\local_devices.db3
10/07/2020 14:58:55	connect : C:\Program Files\SIEMENS\SIMARIS configuration\3.0 FY19-20\data\reg\scf_005\db\S8_devices.db3
10/07/2020 14:58:55	connect : C:\Program Files\SIEMENS\SIMARIS configuration\3.0 FY19-20\data\reg\scf_005\db\siemens_devices.db3
10/07/2020 14:58:55	connect : C:\Program Files\SIEMENS\SIMARIS configuration\3.0 FY19-20\data\reg\scf_005\db\siemens_devices2.db3
10/07/2020 14:59:57	DISconnect : C:\Program Files\SIEMENS\SIMARIS configuration\3.0 FY19-20\data\reg\scf_005\db\local_devices.db3
10/07/2020 14:59:57	DISconnect : C:\Program Files\SIEMENS\SIMARIS configuration\3.0 FY19-20\data\reg\scf_005\db\siemens_devices2.db3
10/07/2020 14:59:57	DISconnect : C:\Program Files\SIEMENS\SIMARIS configuration\3.0 FY19-20\plugins\com.siemens.simaris.configuration.db.language_db_1.4.0.v20200529-0713\db\dictionary_templates.db3
10/07/2020 14:59:57	DISconnect : C:\Program Files\SIEMENS\SIMARIS configuration\3.0 FY19-20\data\reg\scf_005\db\S8_devices.db3
10/07/2020 14:59:58	DISconnect : C:\Program Files\SIEMENS\SIMARIS configuration\3.0 FY19-20\data\reg\scf_005\db\siemens_devices.db3
10/07/2020 14:59:58	DISconnect : C:\Program Files\SIEMENS\SIMARIS configuration\3.0 FY19-20\data\reg\scf_005\db\reco_devices.db3
10/07/2020 14:59:58	DISconnect : C:\Program Files\SIEMENS\SIMARIS configuration\3.0 FY19-20\data\reg\scf_005\db\regulativ.db3
10/07/2020 14:59:58	DISconnect : C:\Program Files\SIEMENS\SIMARIS configuration\3.0 FY19-20\data\reg\scf_005\db\custom.db3
10/07/2020 15:00:03	connect : C:\Program Files\SIEMENS\SIMARIS configuration\3.0 FY19-20\data\reg\scf_005\db\local_devices.db3
10/07/2020 15:00:03	connect : C:\Program Files\SIEMENS\SIMARIS configuration\3.0 FY19-20\data\reg\scf_005\db\siemens_devices2.db3
10/07/2020 15:00:03	connect : C:\Program Files\SIEMENS\SIMARIS configuration\3.0 FY19-20\plugins\com.siemens.simaris.configuration.db.language_db_1.4.0.v20200529-0713\db\dictionary_templates.db3
10/07/2020 15:00:03	connect : C:\Program Files\SIEMENS\SIMARIS configuration\3.0 FY19-20\data\reg\scf_005\db\S8_devices.db3
10/07/2020 15:00:03	connect : C:\Program Files\SIEMENS\SIMARIS configuration\3.0 FY19-20\data\reg\scf_005\db\siemens_devices.db3
10/07/2020 15:00:03	connect : C:\Program Files\SIEMENS\SIMARIS configuration\3.0 FY19-20\data\reg\scf_005\db\reco_devices.db3
10/07/2020 15:00:03	connect : C:\Program Files\SIEMENS\SIMARIS configuration\3.0 FY19-20\data\reg\scf_005\db\regulativ.db3
10/07/2020 15:00:03	connect : C:\Program Files\SIEMENS\SIMARIS configuration\3.0 FY19-20\data\reg\scf_005\db\custom.db3
10/07/2020 15:37:24	DISconnect : C:\Program Files\SIEMENS\SIMARIS configuration\3.0 FY19-20\data\reg\scf_005\db\custom.db3
10/07/2020 15:37:24	DISconnect : C:\Program Files\SIEMENS\SIMARIS configuration\3.0 FY19-20\plugins\com.siemens.simaris.configuration.db.language_db_1.4.0.v20200529-0713\db\dictionary_templates.db3
10/07/2020 15:37:25	DISconnect : C:\Program Files\SIEMENS\SIMARIS configuration\3.0 FY19-20\data\reg\scf_005\db\reco_devices.db3
10/07/2020 15:37:25	DISconnect : C:\Program Files\SIEMENS\SIMARIS configuration\3.0 FY19-20\data\reg\scf_005\db\regulativ.db3
10/07/2020 15:37:25	DISconnect : C:\Program Files\SIEMENS\SIMARIS configuration\3.0 FY19-20\data\reg\scf_005\db\local_devices.db3
10/07/2020 15:37:25	DISconnect : C:\Program Files\SIEMENS\SIMARIS configuration\3.0 FY19-20\data\reg\scf_005\db\S8_devices.db3
10/07/2020 15:37:25	DISconnect : C:\Program Files\SIEMENS\SIMARIS configuration\3.0 FY19-20\data\reg\scf_005\db\siemens_devices.db3
10/07/2020 15:37:25	DISconnect : C:\Program Files\SIEMENS\SIMARIS configuration\3.0 FY19-20\data\reg\scf_005\db\siemens_devices2.db3
13/07/2020 09:07:08	connect : C:\Program Files\SIEMENS\SIMARIS configuration\2.3 FY19-20\data\reg\scf_005\db\custom.db3
13/07/2020 09:07:09	connect : C:\Program Files\SIEMENS\SIMARIS configuration\2.3 FY19-20\plugins\com.siemens.simaris.configuration.db.language_db_1.3.2.v20190815-0917\db\dictionary_templates.db3
13/07/2020 09:07:09	connect : C:\Program Files\SIEMENS\SIMARIS configuration\2.3 FY19-20\data\reg\scf_005\db\reco_devices.db3
13/07/2020 09:07:09	connect : C:\Program Files\SIEMENS\SIMARIS configuration\2.3 FY19-20\data\reg\scf_005\db\regulativ.db3
13/07/2020 09:07:09	connect : C:\Program Files\SIEMENS\SIMARIS configuration\2.3 FY19-20\data\reg\scf_005\db\local_devices.db3
13/07/2020 09:07:09	connect : C:\Program Files\SIEMENS\SIMARIS configuration\2.3 FY19-20\data\reg\scf_005\db\S8_devices.db3
13/07/2020 09:07:09	connect : C:\Program Files\SIEMENS\SIMARIS configuration\2.3 FY19-20\data\reg\scf_005\db\siemens_devices.db3
13/07/2020 09:07:10	connect : C:\Program Files\SIEMENS\SIMARIS configuration\2.3 FY19-20\data\reg\scf_005\db\siemens_devices2.db3
13/07/2020 09:08:11	DISconnect : C:\Program Files\SIEMENS\SIMARIS configuration\2.3 FY19-20\data\reg\scf_005\db\S8_devices.db3
13/07/2020 09:08:11	DISconnect : C:\Program Files\SIEMENS\SIMARIS configuration\2.3 FY19-20\data\reg\scf_005\db\local_devices.db3
13/07/2020 09:08:11	DISconnect : C:\Program Files\SIEMENS\SIMARIS configuration\2.3 FY19-20\data\reg\scf_005\db\siemens_devices.db3
13/07/2020 09:08:11	DISconnect : C:\Program Files\SIEMENS\SIMARIS configuration\2.3 FY19-20\data\reg\scf_005\db\custom.db3
13/07/2020 09:08:12	DISconnect : C:\Program Files\SIEMENS\SIMARIS configuration\2.3 FY19-20\data\reg\scf_005\db\reco_devices.db3
13/07/2020 09:08:12	DISconnect : C:\Program Files\SIEMENS\SIMARIS configuration\2.3 FY19-20\data\reg\scf_005\db\regulativ.db3
13/07/2020 09:08:12	DISconnect : C:\Program Files\SIEMENS\SIMARIS configuration\2.3 FY19-20\data\reg\scf_005\db\siemens_devices2.db3
13/07/2020 09:08:12	DISconnect : C:\Program Files\SIEMENS\SIMARIS configuration\2.3 FY19-20\plugins\com.siemens.simaris.configuration.db.language_db_1.3.2.v20190815-0917\db\dictionary_templates.db3
13/07/2020 09:08:28	connect : C:\Program Files\SIEMENS\SIMARIS configuration\2.3 FY19-20\data\reg\scf_005\db\S8_devices.db3
13/07/2020 09:08:28	connect : C:\Program Files\SIEMENS\SIMARIS configuration\2.3 FY19-20\data\reg\scf_005\db\local_devices.db3
13/07/2020 09:08:28	connect : C:\Program Files\SIEMENS\SIMARIS configuration\2.3 FY19-20\data\reg\scf_005\db\siemens_devices.db3
13/07/2020 09:08:28	connect : C:\Program Files\SIEMENS\SIMARIS configuration\2.3 FY19-20\data\reg\scf_005\db\custom.db3
13/07/2020 09:08:28	connect : C:\Program Files\SIEMENS\SIMARIS configuration\2.3 FY19-20\data\reg\scf_005\db\reco_devices.db3
13/07/2020 09:08:28	connect : C:\Program Files\SIEMENS\SIMARIS configuration\2.3 FY19-20\data\reg\scf_005\db\regulativ.db3
13/07/2020 09:08:28	connect : C:\Program Files\SIEMENS\SIMARIS configuration\2.3 FY19-20\data\reg\scf_005\db\siemens_devices2.db3
13/07/2020 09:08:28	connect : C:\Program Files\SIEMENS\SIMARIS configuration\2.3 FY19-20\plugins\com.siemens.simaris.configuration.db.language_db_1.3.2.v20190815-0917\db\dictionary_templates.db3
13/07/2020 09:08:57	DISconnect : C:\Program Files\SIEMENS\SIMARIS configuration\2.3 FY19-20\data\reg\scf_005\db\custom.db3
13/07/2020 09:08:57	DISconnect : C:\Program Files\SIEMENS\SIMARIS configuration\2.3 FY19-20\plugins\com.siemens.simaris.configuration.db.language_db_1.3.2.v20190815-0917\db\dictionary_templates.db3
13/07/2020 09:08:58	DISconnect : C:\Program Files\SIEMENS\SIMARIS configuration\2.3 FY19-20\data\reg\scf_005\db\reco_devices.db3
13/07/2020 09:08:58	DISconnect : C:\Program Files\SIEMENS\SIMARIS configuration\2.3 FY19-20\data\reg\scf_005\db\regulativ.db3
13/07/2020 09:08:58	DISconnect : C:\Program Files\SIEMENS\SIMARIS configuration\2.3 FY19-20\data\reg\scf_005\db\local_devices.db3
13/07/2020 09:08:58	DISconnect : C:\Program Files\SIEMENS\SIMARIS configuration\2.3 FY19-20\data\reg\scf_005\db\S8_devices.db3
13/07/2020 09:08:58	DISconnect : C:\Program Files\SIEMENS\SIMARIS configuration\2.3 FY19-20\data\reg\scf_005\db\siemens_devices.db3
13/07/2020 09:08:58	DISconnect : C:\Program Files\SIEMENS\SIMARIS configuration\2.3 FY19-20\data\reg\scf_005\db\siemens_devices2.db3
13/07/2020 09:09:12	connect : C:\Program Files\SIEMENS\SIMARIS configuration\2.3 FY18-19\data\reg\scf_005\db\custom.db3
13/07/2020 09:09:12	connect : C:\Program Files\SIEMENS\SIMARIS configuration\2.3 FY18-19\plugins\com.siemens.simaris.configuration.db.language_db_1.3.2.v20190815-0917\db\dictionary_templates.db3
13/07/2020 09:09:12	connect : C:\Program Files\SIEMENS\SIMARIS configuration\2.3 FY18-19\data\reg\scf_005\db\reco_devices.db3
13/07/2020 09:09:12	connect : C:\Program Files\SIEMENS\SIMARIS configuration\2.3 FY18-19\data\reg\scf_005\db\regulativ.db3
13/07/2020 09:09:12	connect : C:\Program Files\SIEMENS\SIMARIS configuration\2.3 FY18-19\data\reg\scf_005\db\local_devices.db3
13/07/2020 09:09:12	connect : C:\Program Files\SIEMENS\SIMARIS configuration\2.3 FY18-19\data\reg\scf_005\db\S8_devices.db3
13/07/2020 09:09:12	connect : C:\Program Files\SIEMENS\SIMARIS configuration\2.3 FY18-19\data\reg\scf_005\db\siemens_devices.db3
13/07/2020 09:09:12	connect : C:\Program Files\SIEMENS\SIMARIS configuration\2.3 FY18-19\data\reg\scf_005\db\siemens_devices2.db3
13/07/2020 09:09:56	DISconnect : C:\Program Files\SIEMENS\SIMARIS configuration\2.3 FY18-19\data\reg\scf_005\db\siemens_devices.db3
13/07/2020 09:09:56	DISconnect : C:\Program Files\SIEMENS\SIMARIS configuration\2.3 FY18-19\data\reg\scf_005\db\siemens_devices2.db3
13/07/2020 09:09:56	DISconnect : C:\Program Files\SIEMENS\SIMARIS configuration\2.3 FY18-19\data\reg\scf_005\db\regulativ.db3
13/07/2020 09:09:57	DISconnect : C:\Program Files\SIEMENS\SIMARIS configuration\2.3 FY18-19\data\reg\scf_005\db\custom.db3
13/07/2020 09:09:57	DISconnect : C:\Program Files\SIEMENS\SIMARIS configuration\2.3 FY18-19\data\reg\scf_005\db\reco_devices.db3
13/07/2020 09:09:57	DISconnect : C:\Program Files\SIEMENS\SIMARIS configuration\2.3 FY18-19\data\reg\scf_005\db\local_devices.db3
13/07/2020 09:09:57	DISconnect : C:\Program Files\SIEMENS\SIMARIS configuration\2.3 FY18-19\plugins\com.siemens.simaris.configuration.db.language_db_1.3.2.v20190815-0917\db\dictionary_templates.db3
13/07/2020 09:09:57	DISconnect : C:\Program Files\SIEMENS\SIMARIS configuration\2.3 FY18-19\data\reg\scf_005\db\S8_devices.db3
13/07/2020 09:10:12	connect : C:\Program Files\SIEMENS\SIMARIS configuration\2.3 FY18-19\data\reg\scf_005\db\siemens_devices.db3
13/07/2020 09:10:12	connect : C:\Program Files\SIEMENS\SIMARIS configuration\2.3 FY18-19\data\reg\scf_005\db\siemens_devices2.db3
13/07/2020 09:10:12	connect : C:\Program Files\SIEMENS\SIMARIS configuration\2.3 FY18-19\data\reg\scf_005\db\regulativ.db3
13/07/2020 09:10:12	connect : C:\Program Files\SIEMENS\SIMARIS configuration\2.3 FY18-19\data\reg\scf_005\db\custom.db3
13/07/2020 09:10:12	connect : C:\Program Files\SIEMENS\SIMARIS configuration\2.3 FY18-19\data\reg\scf_005\db\reco_devices.db3
13/07/2020 09:10:12	connect : C:\Program Files\SIEMENS\SIMARIS configuration\2.3 FY18-19\data\reg\scf_005\db\local_devices.db3
13/07/2020 09:10:12	connect : C:\Program Files\SIEMENS\SIMARIS configuration\2.3 FY18-19\plugins\com.siemens.simaris.configuration.db.language_db_1.3.2.v20190815-0917\db\dictionary_templates.db3
13/07/2020 09:10:12	connect : C:\Program Files\SIEMENS\SIMARIS configuration\2.3 FY18-19\data\reg\scf_005\db\S8_devices.db3
13/07/2020 09:41:04	DISconnect : C:\Program Files\SIEMENS\SIMARIS configuration\2.3 FY18-19\data\reg\scf_005\db\custom.db3
13/07/2020 09:41:04	DISconnect : C:\Program Files\SIEMENS\SIMARIS configuration\2.3 FY18-19\plugins\com.siemens.simaris.configuration.db.language_db_1.3.2.v20190815-0917\db\dictionary_templates.db3
13/07/2020 09:41:05	DISconnect : C:\Program Files\SIEMENS\SIMARIS configuration\2.3 FY18-19\data\reg\scf_005\db\reco_devices.db3
13/07/2020 09:41:05	DISconnect : C:\Program Files\SIEMENS\SIMARIS configuration\2.3 FY18-19\data\reg\scf_005\db\regulativ.db3
13/07/2020 09:41:05	DISconnect : C:\Program Files\SIEMENS\SIMARIS configuration\2.3 FY18-19\data\reg\scf_005\db\local_devices.db3
13/07/2020 09:41:05	DISconnect : C:\Program Files\SIEMENS\SIMARIS configuration\2.3 FY18-19\data\reg\scf_005\db\S8_devices.db3
13/07/2020 09:41:05	DISconnect : C:\Program Files\SIEMENS\SIMARIS configuration\2.3 FY18-19\data\reg\scf_005\db\siemens_devices.db3
13/07/2020 09:41:06	DISconnect : C:\Program Files\SIEMENS\SIMARIS configuration\2.3 FY18-19\data\reg\scf_005\db\siemens_devices2.db3
13/07/2020 11:09:30	connect : C:\Program Files\SIEMENS\SIMARIS configuration\3.0 FY19-20\data\reg\scf_005\db\custom.db3
13/07/2020 11:09:30	connect : C:\Program Files\SIEMENS\SIMARIS configuration\3.0 FY19-20\plugins\com.siemens.simaris.configuration.db.language_db_1.4.0.v20200529-0713\db\dictionary_templates.db3
13/07/2020 11:09:30	connect : C:\Program Files\SIEMENS\SIMARIS configuration\3.0 FY19-20\data\reg\scf_005\db\reco_devices.db3
13/07/2020 11:09:30	connect : C:\Program Files\SIEMENS\SIMARIS configuration\3.0 FY19-20\data\reg\scf_005\db\regulativ.db3
13/07/2020 11:09:30	connect : C:\Program Files\SIEMENS\SIMARIS configuration\3.0 FY19-20\data\reg\scf_005\db\local_devices.db3
13/07/2020 11:09:31	connect : C:\Program Files\SIEMENS\SIMARIS configuration\3.0 FY19-20\data\reg\scf_005\db\S8_devices.db3
13/07/2020 11:09:31	connect : C:\Program Files\SIEMENS\SIMARIS configuration\3.0 FY19-20\data\reg\scf_005\db\siemens_devices.db3
13/07/2020 11:09:31	connect : C:\Program Files\SIEMENS\SIMARIS configuration\3.0 FY19-20\data\reg\scf_005\db\siemens_devices2.db3
13/07/2020 11:10:29	DISconnect : C:\Program Files\SIEMENS\SIMARIS configuration\3.0 FY19-20\data\reg\scf_005\db\regulativ.db3
13/07/2020 11:10:30	DISconnect : C:\Program Files\SIEMENS\SIMARIS configuration\3.0 FY19-20\data\reg\scf_005\db\siemens_devices2.db3
13/07/2020 11:10:30	DISconnect : C:\Program Files\SIEMENS\SIMARIS configuration\3.0 FY19-20\data\reg\scf_005\db\siemens_devices.db3
13/07/2020 11:10:30	DISconnect : C:\Program Files\SIEMENS\SIMARIS configuration\3.0 FY19-20\data\reg\scf_005\db\reco_devices.db3
13/07/2020 11:10:30	DISconnect : C:\Program Files\SIEMENS\SIMARIS configuration\3.0 FY19-20\data\reg\scf_005\db\custom.db3
13/07/2020 11:10:31	DISconnect : C:\Program Files\SIEMENS\SIMARIS configuration\3.0 FY19-20\data\reg\scf_005\db\local_devices.db3
13/07/2020 11:10:31	DISconnect : C:\Program Files\SIEMENS\SIMARIS configuration\3.0 FY19-20\data\reg\scf_005\db\S8_devices.db3
13/07/2020 11:10:31	DISconnect : C:\Program Files\SIEMENS\SIMARIS configuration\3.0 FY19-20\plugins\com.siemens.simaris.configuration.db.language_db_1.4.0.v20200529-0713\db\dictionary_templates.db3
13/07/2020 11:10:36	connect : C:\Program Files\SIEMENS\SIMARIS configuration\3.0 FY19-20\data\reg\scf_005\db\regulativ.db3
13/07/2020 11:10:36	connect : C:\Program Files\SIEMENS\SIMARIS configuration\3.0 FY19-20\data\reg\scf_005\db\siemens_devices2.db3
13/07/2020 11:10:36	connect : C:\Program Files\SIEMENS\SIMARIS configuration\3.0 FY19-20\data\reg\scf_005\db\siemens_devices.db3
13/07/2020 11:10:36	connect : C:\Program Files\SIEMENS\SIMARIS configuration\3.0 FY19-20\data\reg\scf_005\db\reco_devices.db3
13/07/2020 11:10:36	connect : C:\Program Files\SIEMENS\SIMARIS configuration\3.0 FY19-20\data\reg\scf_005\db\custom.db3
13/07/2020 11:10:36	connect : C:\Program Files\SIEMENS\SIMARIS configuration\3.0 FY19-20\data\reg\scf_005\db\local_devices.db3
13/07/2020 11:10:36	connect : C:\Program Files\SIEMENS\SIMARIS configuration\3.0 FY19-20\data\reg\scf_005\db\S8_devices.db3
13/07/2020 11:10:36	connect : C:\Program Files\SIEMENS\SIMARIS configuration\3.0 FY19-20\plugins\com.siemens.simaris.configuration.db.language_db_1.4.0.v20200529-0713\db\dictionary_templates.db3
13/07/2020 11:14:15	DISconnect : C:\Program Files\SIEMENS\SIMARIS configuration\3.0 FY19-20\data\reg\scf_005\db\custom.db3
13/07/2020 11:14:15	DISconnect : C:\Program Files\SIEMENS\SIMARIS configuration\3.0 FY19-20\plugins\com.siemens.simaris.configuration.db.language_db_1.4.0.v20200529-0713\db\dictionary_templates.db3
13/07/2020 11:14:15	DISconnect : C:\Program Files\SIEMENS\SIMARIS configuration\3.0 FY19-20\data\reg\scf_005\db\reco_devices.db3
13/07/2020 11:14:16	DISconnect : C:\Program Files\SIEMENS\SIMARIS configuration\3.0 FY19-20\data\reg\scf_005\db\regulativ.db3
13/07/2020 11:14:16	DISconnect : C:\Program Files\SIEMENS\SIMARIS configuration\3.0 FY19-20\data\reg\scf_005\db\local_devices.db3
13/07/2020 11:14:16	DISconnect : C:\Program Files\SIEMENS\SIMARIS configuration\3.0 FY19-20\data\reg\scf_005\db\S8_devices.db3
13/07/2020 11:14:16	DISconnect : C:\Program Files\SIEMENS\SIMARIS configuration\3.0 FY19-20\data\reg\scf_005\db\siemens_devices.db3
13/07/2020 11:14:16	DISconnect : C:\Program Files\SIEMENS\SIMARIS configuration\3.0 FY19-20\data\reg\scf_005\db\siemens_devices2.db3
13/07/2020 11:14:51	connect : C:\Program Files\SIEMENS\SIMARIS configuration\2.3 FY19-20\data\reg\scf_005\db\custom.db3
13/07/2020 11:14:51	connect : C:\Program Files\SIEMENS\SIMARIS configuration\2.3 FY19-20\plugins\com.siemens.simaris.configuration.db.language_db_1.3.2.v20190815-0917\db\dictionary_templates.db3
13/07/2020 11:14:51	connect : C:\Program Files\SIEMENS\SIMARIS configuration\2.3 FY19-20\data\reg\scf_005\db\reco_devices.db3
13/07/2020 11:14:51	connect : C:\Program Files\SIEMENS\SIMARIS configuration\2.3 FY19-20\data\reg\scf_005\db\regulativ.db3
13/07/2020 11:14:51	connect : C:\Program Files\SIEMENS\SIMARIS configuration\2.3 FY19-20\data\reg\scf_005\db\local_devices.db3
13/07/2020 11:14:51	connect : C:\Program Files\SIEMENS\SIMARIS configuration\2.3 FY19-20\data\reg\scf_005\db\S8_devices.db3
13/07/2020 11:14:51	connect : C:\Program Files\SIEMENS\SIMARIS configuration\2.3 FY19-20\data\reg\scf_005\db\siemens_devices.db3
13/07/2020 11:14:51	connect : C:\Program Files\SIEMENS\SIMARIS configuration\2.3 FY19-20\data\reg\scf_005\db\siemens_devices2.db3
13/07/2020 11:15:53	DISconnect : C:\Program Files\SIEMENS\SIMARIS configuration\2.3 FY19-20\data\reg\scf_005\db\siemens_devices.db3
13/07/2020 11:15:53	DISconnect : C:\Program Files\SIEMENS\SIMARIS configuration\2.3 FY19-20\data\reg\scf_005\db\siemens_devices2.db3
13/07/2020 11:15:53	DISconnect : C:\Program Files\SIEMENS\SIMARIS configuration\2.3 FY19-20\data\reg\scf_005\db\regulativ.db3
13/07/2020 11:15:53	DISconnect : C:\Program Files\SIEMENS\SIMARIS configuration\2.3 FY19-20\data\reg\scf_005\db\custom.db3
13/07/2020 11:15:54	DISconnect : C:\Program Files\SIEMENS\SIMARIS configuration\2.3 FY19-20\data\reg\scf_005\db\reco_devices.db3
13/07/2020 11:15:54	DISconnect : C:\Program Files\SIEMENS\SIMARIS configuration\2.3 FY19-20\data\reg\scf_005\db\local_devices.db3
13/07/2020 11:15:54	DISconnect : C:\Program Files\SIEMENS\SIMARIS configuration\2.3 FY19-20\plugins\com.siemens.simaris.configuration.db.language_db_1.3.2.v20190815-0917\db\dictionary_templates.db3
13/07/2020 11:15:54	DISconnect : C:\Program Files\SIEMENS\SIMARIS configuration\2.3 FY19-20\data\reg\scf_005\db\S8_devices.db3
13/07/2020 11:16:09	connect : C:\Program Files\SIEMENS\SIMARIS configuration\2.3 FY19-20\data\reg\scf_005\db\siemens_devices.db3
13/07/2020 11:16:09	connect : C:\Program Files\SIEMENS\SIMARIS configuration\2.3 FY19-20\data\reg\scf_005\db\siemens_devices2.db3
13/07/2020 11:16:09	connect : C:\Program Files\SIEMENS\SIMARIS configuration\2.3 FY19-20\data\reg\scf_005\db\regulativ.db3
13/07/2020 11:16:09	connect : C:\Program Files\SIEMENS\SIMARIS configuration\2.3 FY19-20\data\reg\scf_005\db\custom.db3
13/07/2020 11:16:09	connect : C:\Program Files\SIEMENS\SIMARIS configuration\2.3 FY19-20\data\reg\scf_005\db\reco_devices.db3
13/07/2020 11:16:09	connect : C:\Program Files\SIEMENS\SIMARIS configuration\2.3 FY19-20\data\reg\scf_005\db\local_devices.db3
13/07/2020 11:16:09	connect : C:\Program Files\SIEMENS\SIMARIS configuration\2.3 FY19-20\plugins\com.siemens.simaris.configuration.db.language_db_1.3.2.v20190815-0917\db\dictionary_templates.db3
13/07/2020 11:16:09	connect : C:\Program Files\SIEMENS\SIMARIS configuration\2.3 FY19-20\data\reg\scf_005\db\S8_devices.db3
13/07/2020 11:35:34	DISconnect : C:\Program Files\SIEMENS\SIMARIS configuration\2.3 FY19-20\data\reg\scf_005\db\custom.db3
13/07/2020 11:35:34	DISconnect : C:\Program Files\SIEMENS\SIMARIS configuration\2.3 FY19-20\plugins\com.siemens.simaris.configuration.db.language_db_1.3.2.v20190815-0917\db\dictionary_templates.db3
13/07/2020 11:35:35	DISconnect : C:\Program Files\SIEMENS\SIMARIS configuration\2.3 FY19-20\data\reg\scf_005\db\reco_devices.db3
13/07/2020 11:35:35	DISconnect : C:\Program Files\SIEMENS\SIMARIS configuration\2.3 FY19-20\data\reg\scf_005\db\regulativ.db3
13/07/2020 11:35:35	DISconnect : C:\Program Files\SIEMENS\SIMARIS configuration\2.3 FY19-20\data\reg\scf_005\db\local_devices.db3
13/07/2020 11:35:35	DISconnect : C:\Program Files\SIEMENS\SIMARIS configuration\2.3 FY19-20\data\reg\scf_005\db\S8_devices.db3
13/07/2020 11:35:35	DISconnect : C:\Program Files\SIEMENS\SIMARIS configuration\2.3 FY19-20\data\reg\scf_005\db\siemens_devices.db3
13/07/2020 11:35:36	DISconnect : C:\Program Files\SIEMENS\SIMARIS configuration\2.3 FY19-20\data\reg\scf_005\db\siemens_devices2.db3
